<?xml version="1.0" encoding="UTF-8"?>
<!-- Generated by org.testng.reporters.JUnitReportReporter -->
<testsuite hostname="FULL375-PRT.FULL.Creative" name="com.launch.launchBrowser" tests="1" failures="0" timestamp="7 Feb 2018 14:05:40 GMT" time="4.436" errors="0">
  <testcase name="openBrowser" time="4.436" classname="com.launch.launchBrowser"/>
</testsuite> <!-- com.launch.launchBrowser -->
